# JRE version: OpenJDK Runtime Environment (8.0_212-b04) (build 1.8.0_212-release-1586-b04)
# Java VM: OpenJDK 64-Bit Server VM (25.212-b04 mixed mode windows-amd64 compressed oops)
Heap:
 PSYoungGen      total 169984K, used 49484K [0x00000000e0000000, 0x00000000eba00000, 0x0000000100000000)
  eden space 155648K, 22% used [0x00000000e0000000,0x00000000e22e9638,0x00000000e9800000)
  from space 14336K, 95% used [0x00000000ea780000,0x00000000eb4e9db8,0x00000000eb580000)
  to   space 15872K, 0% used [0x00000000e9800000,0x00000000e9800000,0x00000000ea780000)
 ParOldGen       total 81408K, used 31201K [0x00000000a0000000, 0x00000000a4f80000, 0x00000000e0000000)
  object space 81408K, 38% used [0x00000000a0000000,0x00000000a1e78528,0x00000000a4f80000)
 Metaspace       used 62268K, capacity 64850K, committed 64984K, reserved 1105920K
  class space    used 8579K, capacity 9090K, committed 9176K, reserved 1048576K
GC Heap History (10 events):
Event: 12.895 GC heap before
{Heap before GC invocations=13 (full 2):
 PSYoungGen      total 138240K, used 126976K [0x00000000e0000000, 0x00000000ea800000, 0x0000000100000000)
  eden space 126976K, 100% used [0x00000000e0000000,0x00000000e7c00000,0x00000000e7c00000)
  from space 11264K, 0% used [0x00000000e8700000,0x00000000e8700000,0x00000000e9200000)
  to   space 11264K, 0% used [0x00000000e7c00000,0x00000000e7c00000,0x00000000e8700000)
 ParOldGen       total 81408K, used 15964K [0x00000000a0000000, 0x00000000a4f80000, 0x00000000e0000000)
  object space 81408K, 19% used [0x00000000a0000000,0x00000000a0f970c8,0x00000000a4f80000)
 Metaspace       used 47461K, capacity 48626K, committed 48896K, reserved 1091584K
  class space    used 6336K, capacity 6636K, committed 6656K, reserved 1048576K
Event: 12.924 GC heap after
Heap after GC invocations=13 (full 2):
 PSYoungGen      total 138240K, used 11254K [0x00000000e0000000, 0x00000000eb580000, 0x0000000100000000)
  eden space 126976K, 0% used [0x00000000e0000000,0x00000000e0000000,0x00000000e7c00000)
  from space 11264K, 99% used [0x00000000e7c00000,0x00000000e86fdac0,0x00000000e8700000)
  to   space 14336K, 0% used [0x00000000ea780000,0x00000000ea780000,0x00000000eb580000)
 ParOldGen       total 81408K, used 21314K [0x00000000a0000000, 0x00000000a4f80000, 0x00000000e0000000)
  object space 81408K, 26% used [0x00000000a0000000,0x00000000a14d09f0,0x00000000a4f80000)
 Metaspace       used 47461K, capacity 48626K, committed 48896K, reserved 1091584K
  class space    used 6336K, capacity 6636K, committed 6656K, reserved 1048576K
}
Event: 15.996 GC heap before
{Heap before GC invocations=14 (full 2):
 PSYoungGen      total 138240K, used 138230K [0x00000000e0000000, 0x00000000eb580000, 0x0000000100000000)
  eden space 126976K, 100% used [0x00000000e0000000,0x00000000e7c00000,0x00000000e7c00000)
  from space 11264K, 99% used [0x00000000e7c00000,0x00000000e86fdac0,0x00000000e8700000)
  to   space 14336K, 0% used [0x00000000ea780000,0x00000000ea780000,0x00000000eb580000)
 ParOldGen       total 81408K, used 21314K [0x00000000a0000000, 0x00000000a4f80000, 0x00000000e0000000)
  object space 81408K, 26% used [0x00000000a0000000,0x00000000a14d09f0,0x00000000a4f80000)
 Metaspace       used 56446K, capacity 58196K, committed 58496K, reserved 1099776K
  class space    used 7772K, capacity 8209K, committed 8320K, reserved 1048576K
Event: 16.052 GC heap after
Heap after GC invocations=14 (full 2):
 PSYoungGen      total 169984K, used 13760K [0x00000000e0000000, 0x00000000eba00000, 0x0000000100000000)
  eden space 155648K, 0% used [0x00000000e0000000,0x00000000e0000000,0x00000000e9800000)
  from space 14336K, 95% used [0x00000000ea780000,0x00000000eb4f01b0,0x00000000eb580000)
  to   space 15872K, 0% used [0x00000000e9800000,0x00000000e9800000,0x00000000ea780000)
 ParOldGen       total 81408K, used 29464K [0x00000000a0000000, 0x00000000a4f80000, 0x00000000e0000000)
  object space 81408K, 36% used [0x00000000a0000000,0x00000000a1cc6298,0x00000000a4f80000)
 Metaspace       used 56446K, capacity 58196K, committed 58496K, reserved 1099776K
  class space    used 7772K, capacity 8209K, committed 8320K, reserved 1048576K
}
Event: 16.300 GC heap before
{Heap before GC invocations=15 (full 2):
 PSYoungGen      total 169984K, used 30024K [0x00000000e0000000, 0x00000000eba00000, 0x0000000100000000)
  eden space 155648K, 10% used [0x00000000e0000000,0x00000000e0fe2100,0x00000000e9800000)
  from space 14336K, 95% used [0x00000000ea780000,0x00000000eb4f01b0,0x00000000eb580000)
  to   space 15872K, 0% used [0x00000000e9800000,0x00000000e9800000,0x00000000ea780000)
 ParOldGen       total 81408K, used 29464K [0x00000000a0000000, 0x00000000a4f80000, 0x00000000e0000000)
  object space 81408K, 36% used [0x00000000a0000000,0x00000000a1cc6298,0x00000000a4f80000)
 Metaspace       used 57078K, capacity 59056K, committed 59096K, reserved 1099776K
  class space    used 7886K, capacity 8369K, committed 8408K, reserved 1048576K
Event: 16.318 GC heap after
Heap after GC invocations=15 (full 2):
 PSYoungGen      total 171520K, used 9009K [0x00000000e0000000, 0x00000000eba00000, 0x0000000100000000)
  eden space 155648K, 0% used [0x00000000e0000000,0x00000000e0000000,0x00000000e9800000)
  from space 15872K, 56% used [0x00000000e9800000,0x00000000ea0cc4a0,0x00000000ea780000)
  to   space 14336K, 0% used [0x00000000ea780000,0x00000000ea780000,0x00000000eb580000)
 ParOldGen       total 81408K, used 29472K [0x00000000a0000000, 0x00000000a4f80000, 0x00000000e0000000)
  object space 81408K, 36% used [0x00000000a0000000,0x00000000a1cc8298,0x00000000a4f80000)
 Metaspace       used 57078K, capacity 59056K, committed 59096K, reserved 1099776K
  class space    used 7886K, capacity 8369K, committed 8408K, reserved 1048576K
}
Event: 16.318 GC heap before
{Heap before GC invocations=16 (full 3):
 PSYoungGen      total 171520K, used 9009K [0x00000000e0000000, 0x00000000eba00000, 0x0000000100000000)
  eden space 155648K, 0% used [0x00000000e0000000,0x00000000e0000000,0x00000000e9800000)
  from space 15872K, 56% used [0x00000000e9800000,0x00000000ea0cc4a0,0x00000000ea780000)
  to   space 14336K, 0% used [0x00000000ea780000,0x00000000ea780000,0x00000000eb580000)
 ParOldGen       total 81408K, used 29472K [0x00000000a0000000, 0x00000000a4f80000, 0x00000000e0000000)
  object space 81408K, 36% used [0x00000000a0000000,0x00000000a1cc8298,0x00000000a4f80000)
 Metaspace       used 57078K, capacity 59056K, committed 59096K, reserved 1099776K
  class space    used 7886K, capacity 8369K, committed 8408K, reserved 1048576K
Event: 16.717 GC heap after
Heap after GC invocations=16 (full 3):
 PSYoungGen      total 171520K, used 0K [0x00000000e0000000, 0x00000000eba00000, 0x0000000100000000)
  eden space 155648K, 0% used [0x00000000e0000000,0x00000000e0000000,0x00000000e9800000)
  from space 15872K, 0% used [0x00000000e9800000,0x00000000e9800000,0x00000000ea780000)
  to   space 14336K, 0% used [0x00000000ea780000,0x00000000ea780000,0x00000000eb580000)
 ParOldGen       total 81408K, used 31193K [0x00000000a0000000, 0x00000000a4f80000, 0x00000000e0000000)
  object space 81408K, 38% used [0x00000000a0000000,0x00000000a1e76528,0x00000000a4f80000)
 Metaspace       used 57009K, capacity 58854K, committed 59096K, reserved 1099776K
  class space    used 7865K, capacity 8332K, committed 8408K, reserved 1048576K
}
Event: 19.343 GC heap before
{Heap before GC invocations=17 (full 3):
 PSYoungGen      total 171520K, used 155648K [0x00000000e0000000, 0x00000000eba00000, 0x0000000100000000)
  eden space 155648K, 100% used [0x00000000e0000000,0x00000000e9800000,0x00000000e9800000)
  from space 15872K, 0% used [0x00000000e9800000,0x00000000e9800000,0x00000000ea780000)
  to   space 14336K, 0% used [0x00000000ea780000,0x00000000ea780000,0x00000000eb580000)
 ParOldGen       total 81408K, used 31193K [0x00000000a0000000, 0x00000000a4f80000, 0x00000000e0000000)
  object space 81408K, 38% used [0x00000000a0000000,0x00000000a1e76528,0x00000000a4f80000)
 Metaspace       used 61996K, capacity 64532K, committed 64728K, reserved 1105920K
  class space    used 8561K, capacity 9083K, committed 9176K, reserved 1048576K
Event: 19.366 GC heap after
Heap after GC invocations=17 (full 3):
 PSYoungGen      total 169984K, used 13735K [0x00000000e0000000, 0x00000000eba00000, 0x0000000100000000)
  eden space 155648K, 0% used [0x00000000e0000000,0x00000000e0000000,0x00000000e9800000)
  from space 14336K, 95% used [0x00000000ea780000,0x00000000eb4e9db8,0x00000000eb580000)
  to   space 15872K, 0% used [0x00000000e9800000,0x00000000e9800000,0x00000000ea780000)
 ParOldGen       total 81408K, used 31201K [0x00000000a0000000, 0x00000000a4f80000, 0x00000000e0000000)
  object space 81408K, 38% used [0x00000000a0000000,0x00000000a1e78528,0x00000000a4f80000)
 Metaspace       used 61996K, capacity 64532K, committed 64728K, reserved 1105920K
  class space    used 8561K, capacity 9083K, committed 9176K, reserved 1048576K
}

