# JRE version: OpenJDK Runtime Environment (8.0_212-b04) (build 1.8.0_212-release-1586-b04)
# Java VM: OpenJDK 64-Bit Server VM (25.212-b04 mixed mode windows-amd64 compressed oops)
Heap:
 PSYoungGen      total 137728K, used 117303K [0x00000000e0000000, 0x00000000ead80000, 0x0000000100000000)
  eden space 122368K, 88% used [0x00000000e0000000,0x00000000e6a36618,0x00000000e7780000)
  from space 15360K, 55% used [0x00000000e7780000,0x00000000e7fd7908,0x00000000e8680000)
  to   space 15360K, 0% used [0x00000000e9e80000,0x00000000e9e80000,0x00000000ead80000)
 ParOldGen       total 121344K, used 30959K [0x00000000a0000000, 0x00000000a7680000, 0x00000000e0000000)
  object space 121344K, 25% used [0x00000000a0000000,0x00000000a1e3bc20,0x00000000a7680000)
 Metaspace       used 63808K, capacity 66322K, committed 66392K, reserved 1105920K
  class space    used 8739K, capacity 9276K, committed 9304K, reserved 1048576K
GC Heap History (10 events):
Event: 18.742 GC heap before
{Heap before GC invocations=16 (full 2):
 PSYoungGen      total 88576K, used 88557K [0x00000000e0000000, 0x00000000e7580000, 0x0000000100000000)
  eden space 78848K, 100% used [0x00000000e0000000,0x00000000e4d00000,0x00000000e4d00000)
  from space 9728K, 99% used [0x00000000e4d00000,0x00000000e567b580,0x00000000e5680000)
  to   space 11264K, 0% used [0x00000000e6a80000,0x00000000e6a80000,0x00000000e7580000)
 ParOldGen       total 83456K, used 15917K [0x00000000a0000000, 0x00000000a5180000, 0x00000000e0000000)
  object space 83456K, 19% used [0x00000000a0000000,0x00000000a0f8b598,0x00000000a5180000)
 Metaspace       used 50396K, capacity 51878K, committed 52096K, reserved 1093632K
  class space    used 6847K, capacity 7214K, committed 7296K, reserved 1048576K
Event: 18.761 GC heap after
Heap after GC invocations=16 (full 2):
 PSYoungGen      total 108032K, used 10152K [0x00000000e0000000, 0x00000000e7700000, 0x0000000100000000)
  eden space 96768K, 0% used [0x00000000e0000000,0x00000000e0000000,0x00000000e5e80000)
  from space 11264K, 90% used [0x00000000e6a80000,0x00000000e746a168,0x00000000e7580000)
  to   space 12288K, 0% used [0x00000000e5e80000,0x00000000e5e80000,0x00000000e6a80000)
 ParOldGen       total 83456K, used 21112K [0x00000000a0000000, 0x00000000a5180000, 0x00000000e0000000)
  object space 83456K, 25% used [0x00000000a0000000,0x00000000a149e390,0x00000000a5180000)
 Metaspace       used 50396K, capacity 51878K, committed 52096K, reserved 1093632K
  class space    used 6847K, capacity 7214K, committed 7296K, reserved 1048576K
}
Event: 21.451 GC heap before
{Heap before GC invocations=17 (full 2):
 PSYoungGen      total 108032K, used 106920K [0x00000000e0000000, 0x00000000e7700000, 0x0000000100000000)
  eden space 96768K, 100% used [0x00000000e0000000,0x00000000e5e80000,0x00000000e5e80000)
  from space 11264K, 90% used [0x00000000e6a80000,0x00000000e746a168,0x00000000e7580000)
  to   space 12288K, 0% used [0x00000000e5e80000,0x00000000e5e80000,0x00000000e6a80000)
 ParOldGen       total 83456K, used 21112K [0x00000000a0000000, 0x00000000a5180000, 0x00000000e0000000)
  object space 83456K, 25% used [0x00000000a0000000,0x00000000a149e390,0x00000000a5180000)
 Metaspace       used 56660K, capacity 58434K, committed 58752K, reserved 1099776K
  class space    used 7810K, capacity 8222K, committed 8320K, reserved 1048576K
Event: 21.502 GC heap after
Heap after GC invocations=17 (full 2):
 PSYoungGen      total 109056K, used 12276K [0x00000000e0000000, 0x00000000e9580000, 0x0000000100000000)
  eden space 96768K, 0% used [0x00000000e0000000,0x00000000e0000000,0x00000000e5e80000)
  from space 12288K, 99% used [0x00000000e5e80000,0x00000000e6a7d300,0x00000000e6a80000)
  to   space 15360K, 0% used [0x00000000e8680000,0x00000000e8680000,0x00000000e9580000)
 ParOldGen       total 83456K, used 24248K [0x00000000a0000000, 0x00000000a5180000, 0x00000000e0000000)
  object space 83456K, 29% used [0x00000000a0000000,0x00000000a17ae250,0x00000000a5180000)
 Metaspace       used 56660K, capacity 58434K, committed 58752K, reserved 1099776K
  class space    used 7810K, capacity 8222K, committed 8320K, reserved 1048576K
}
Event: 21.657 GC heap before
{Heap before GC invocations=18 (full 2):
 PSYoungGen      total 109056K, used 22283K [0x00000000e0000000, 0x00000000e9580000, 0x0000000100000000)
  eden space 96768K, 10% used [0x00000000e0000000,0x00000000e09c59c0,0x00000000e5e80000)
  from space 12288K, 99% used [0x00000000e5e80000,0x00000000e6a7d300,0x00000000e6a80000)
  to   space 15360K, 0% used [0x00000000e8680000,0x00000000e8680000,0x00000000e9580000)
 ParOldGen       total 83456K, used 24248K [0x00000000a0000000, 0x00000000a5180000, 0x00000000e0000000)
  object space 83456K, 29% used [0x00000000a0000000,0x00000000a17ae250,0x00000000a5180000)
 Metaspace       used 57058K, capacity 59054K, committed 59096K, reserved 1099776K
  class space    used 7888K, capacity 8368K, committed 8408K, reserved 1048576K
Event: 21.674 GC heap after
Heap after GC invocations=18 (full 2):
 PSYoungGen      total 137728K, used 1056K [0x00000000e0000000, 0x00000000ea480000, 0x0000000100000000)
  eden space 122368K, 0% used [0x00000000e0000000,0x00000000e0000000,0x00000000e7780000)
  from space 15360K, 6% used [0x00000000e8680000,0x00000000e8788000,0x00000000e9580000)
  to   space 15360K, 0% used [0x00000000e7780000,0x00000000e7780000,0x00000000e8680000)
 ParOldGen       total 83456K, used 35080K [0x00000000a0000000, 0x00000000a5180000, 0x00000000e0000000)
  object space 83456K, 42% used [0x00000000a0000000,0x00000000a22422b0,0x00000000a5180000)
 Metaspace       used 57058K, capacity 59054K, committed 59096K, reserved 1099776K
  class space    used 7888K, capacity 8368K, committed 8408K, reserved 1048576K
}
Event: 21.674 GC heap before
{Heap before GC invocations=19 (full 3):
 PSYoungGen      total 137728K, used 1056K [0x00000000e0000000, 0x00000000ea480000, 0x0000000100000000)
  eden space 122368K, 0% used [0x00000000e0000000,0x00000000e0000000,0x00000000e7780000)
  from space 15360K, 6% used [0x00000000e8680000,0x00000000e8788000,0x00000000e9580000)
  to   space 15360K, 0% used [0x00000000e7780000,0x00000000e7780000,0x00000000e8680000)
 ParOldGen       total 83456K, used 35080K [0x00000000a0000000, 0x00000000a5180000, 0x00000000e0000000)
  object space 83456K, 42% used [0x00000000a0000000,0x00000000a22422b0,0x00000000a5180000)
 Metaspace       used 57058K, capacity 59054K, committed 59096K, reserved 1099776K
  class space    used 7888K, capacity 8368K, committed 8408K, reserved 1048576K
Event: 22.118 GC heap after
Heap after GC invocations=19 (full 3):
 PSYoungGen      total 137728K, used 0K [0x00000000e0000000, 0x00000000ea480000, 0x0000000100000000)
  eden space 122368K, 0% used [0x00000000e0000000,0x00000000e0000000,0x00000000e7780000)
  from space 15360K, 0% used [0x00000000e8680000,0x00000000e8680000,0x00000000e9580000)
  to   space 15360K, 0% used [0x00000000e7780000,0x00000000e7780000,0x00000000e8680000)
 ParOldGen       total 121344K, used 30951K [0x00000000a0000000, 0x00000000a7680000, 0x00000000e0000000)
  object space 121344K, 25% used [0x00000000a0000000,0x00000000a1e39c20,0x00000000a7680000)
 Metaspace       used 56983K, capacity 58834K, committed 59096K, reserved 1099776K
  class space    used 7865K, capacity 8328K, committed 8408K, reserved 1048576K
}
Event: 26.114 GC heap before
{Heap before GC invocations=20 (full 3):
 PSYoungGen      total 137728K, used 122368K [0x00000000e0000000, 0x00000000ea480000, 0x0000000100000000)
  eden space 122368K, 100% used [0x00000000e0000000,0x00000000e7780000,0x00000000e7780000)
  from space 15360K, 0% used [0x00000000e8680000,0x00000000e8680000,0x00000000e9580000)
  to   space 15360K, 0% used [0x00000000e7780000,0x00000000e7780000,0x00000000e8680000)
 ParOldGen       total 121344K, used 30951K [0x00000000a0000000, 0x00000000a7680000, 0x00000000e0000000)
  object space 121344K, 25% used [0x00000000a0000000,0x00000000a1e39c20,0x00000000a7680000)
 Metaspace       used 60550K, capacity 62958K, committed 63192K, reserved 1103872K
  class space    used 8363K, capacity 8872K, committed 8920K, reserved 1048576K
Event: 26.136 GC heap after
Heap after GC invocations=20 (full 3):
 PSYoungGen      total 137728K, used 8542K [0x00000000e0000000, 0x00000000ead80000, 0x0000000100000000)
  eden space 122368K, 0% used [0x00000000e0000000,0x00000000e0000000,0x00000000e7780000)
  from space 15360K, 55% used [0x00000000e7780000,0x00000000e7fd7908,0x00000000e8680000)
  to   space 15360K, 0% used [0x00000000e9e80000,0x00000000e9e80000,0x00000000ead80000)
 ParOldGen       total 121344K, used 30959K [0x00000000a0000000, 0x00000000a7680000, 0x00000000e0000000)
  object space 121344K, 25% used [0x00000000a0000000,0x00000000a1e3bc20,0x00000000a7680000)
 Metaspace       used 60550K, capacity 62958K, committed 63192K, reserved 1103872K
  class space    used 8363K, capacity 8872K, committed 8920K, reserved 1048576K
}

