# JRE version: OpenJDK Runtime Environment (8.0_212-b04) (build 1.8.0_212-release-1586-b04)
# Java VM: OpenJDK 64-Bit Server VM (25.212-b04 mixed mode windows-amd64 compressed oops)
Heap:
 PSYoungGen      total 127488K, used 36720K [0x00000000e0000000, 0x00000000ea300000, 0x0000000100000000)
  eden space 116224K, 31% used [0x00000000e0000000,0x00000000e23dc048,0x00000000e7180000)
  from space 11264K, 0% used [0x00000000e7c00000,0x00000000e7c00000,0x00000000e8700000)
  to   space 10752K, 0% used [0x00000000e7180000,0x00000000e7180000,0x00000000e7c00000)
 ParOldGen       total 53760K, used 16334K [0x00000000a0000000, 0x00000000a3480000, 0x00000000e0000000)
  object space 53760K, 30% used [0x00000000a0000000,0x00000000a0ff38b0,0x00000000a3480000)
 Metaspace       used 39153K, capacity 40076K, committed 40192K, reserved 1085440K
  class space    used 5329K, capacity 5562K, committed 5632K, reserved 1048576K
GC Heap History (10 events):
Event: 5.592 GC heap before
{Heap before GC invocations=8 (full 1):
 PSYoungGen      total 66048K, used 7050K [0x00000000e0000000, 0x00000000e8100000, 0x0000000100000000)
  eden space 56320K, 0% used [0x00000000e0000000,0x00000000e0000000,0x00000000e3700000)
  from space 9728K, 72% used [0x00000000e3700000,0x00000000e3de2900,0x00000000e4080000)
  to   space 9728K, 0% used [0x00000000e7780000,0x00000000e7780000,0x00000000e8100000)
 ParOldGen       total 76800K, used 7117K [0x00000000a0000000, 0x00000000a4b00000, 0x00000000e0000000)
  object space 76800K, 9% used [0x00000000a0000000,0x00000000a06f3630,0x00000000a4b00000)
 Metaspace       used 20741K, capacity 21226K, committed 21296K, reserved 1067008K
  class space    used 2995K, capacity 3193K, committed 3200K, reserved 1048576K
Event: 5.669 GC heap after
Heap after GC invocations=8 (full 1):
 PSYoungGen      total 66048K, used 0K [0x00000000e0000000, 0x00000000e8100000, 0x0000000100000000)
  eden space 56320K, 0% used [0x00000000e0000000,0x00000000e0000000,0x00000000e3700000)
  from space 9728K, 0% used [0x00000000e3700000,0x00000000e3700000,0x00000000e4080000)
  to   space 9728K, 0% used [0x00000000e7780000,0x00000000e7780000,0x00000000e8100000)
 ParOldGen       total 53760K, used 9477K [0x00000000a0000000, 0x00000000a3480000, 0x00000000e0000000)
  object space 53760K, 17% used [0x00000000a0000000,0x00000000a0941718,0x00000000a3480000)
 Metaspace       used 20741K, capacity 21226K, committed 21296K, reserved 1067008K
  class space    used 2995K, capacity 3193K, committed 3200K, reserved 1048576K
}
Event: 6.834 GC heap before
{Heap before GC invocations=9 (full 1):
 PSYoungGen      total 66048K, used 56320K [0x00000000e0000000, 0x00000000e8100000, 0x0000000100000000)
  eden space 56320K, 100% used [0x00000000e0000000,0x00000000e3700000,0x00000000e3700000)
  from space 9728K, 0% used [0x00000000e3700000,0x00000000e3700000,0x00000000e4080000)
  to   space 9728K, 0% used [0x00000000e7780000,0x00000000e7780000,0x00000000e8100000)
 ParOldGen       total 53760K, used 9477K [0x00000000a0000000, 0x00000000a3480000, 0x00000000e0000000)
  object space 53760K, 17% used [0x00000000a0000000,0x00000000a0941718,0x00000000a3480000)
 Metaspace       used 28258K, capacity 28800K, committed 28928K, reserved 1075200K
  class space    used 3879K, capacity 4067K, committed 4096K, reserved 1048576K
Event: 6.845 GC heap after
Heap after GC invocations=9 (full 1):
 PSYoungGen      total 94720K, used 7591K [0x00000000e0000000, 0x00000000e7f00000, 0x0000000100000000)
  eden space 87040K, 0% used [0x00000000e0000000,0x00000000e0000000,0x00000000e5500000)
  from space 7680K, 98% used [0x00000000e7780000,0x00000000e7ee9d58,0x00000000e7f00000)
  to   space 10240K, 0% used [0x00000000e6b00000,0x00000000e6b00000,0x00000000e7500000)
 ParOldGen       total 53760K, used 9485K [0x00000000a0000000, 0x00000000a3480000, 0x00000000e0000000)
  object space 53760K, 17% used [0x00000000a0000000,0x00000000a0943718,0x00000000a3480000)
 Metaspace       used 28258K, capacity 28800K, committed 28928K, reserved 1075200K
  class space    used 3879K, capacity 4067K, committed 4096K, reserved 1048576K
}
Event: 7.979 GC heap before
{Heap before GC invocations=10 (full 1):
 PSYoungGen      total 94720K, used 94631K [0x00000000e0000000, 0x00000000e7f00000, 0x0000000100000000)
  eden space 87040K, 100% used [0x00000000e0000000,0x00000000e5500000,0x00000000e5500000)
  from space 7680K, 98% used [0x00000000e7780000,0x00000000e7ee9d58,0x00000000e7f00000)
  to   space 10240K, 0% used [0x00000000e6b00000,0x00000000e6b00000,0x00000000e7500000)
 ParOldGen       total 53760K, used 9485K [0x00000000a0000000, 0x00000000a3480000, 0x00000000e0000000)
  object space 53760K, 17% used [0x00000000a0000000,0x00000000a0943718,0x00000000a3480000)
 Metaspace       used 32544K, capacity 33092K, committed 33408K, reserved 1077248K
  class space    used 4466K, capacity 4687K, committed 4736K, reserved 1048576K
Event: 8.000 GC heap after
Heap after GC invocations=10 (full 1):
 PSYoungGen      total 119808K, used 9428K [0x00000000e0000000, 0x00000000e8700000, 0x0000000100000000)
  eden space 109568K, 0% used [0x00000000e0000000,0x00000000e0000000,0x00000000e6b00000)
  from space 10240K, 92% used [0x00000000e6b00000,0x00000000e7435028,0x00000000e7500000)
  to   space 11264K, 0% used [0x00000000e7c00000,0x00000000e7c00000,0x00000000e8700000)
 ParOldGen       total 53760K, used 9493K [0x00000000a0000000, 0x00000000a3480000, 0x00000000e0000000)
  object space 53760K, 17% used [0x00000000a0000000,0x00000000a0945718,0x00000000a3480000)
 Metaspace       used 32544K, capacity 33092K, committed 33408K, reserved 1077248K
  class space    used 4466K, capacity 4687K, committed 4736K, reserved 1048576K
}
Event: 9.031 GC heap before
{Heap before GC invocations=11 (full 1):
 PSYoungGen      total 119808K, used 59357K [0x00000000e0000000, 0x00000000e8700000, 0x0000000100000000)
  eden space 109568K, 45% used [0x00000000e0000000,0x00000000e30c27d0,0x00000000e6b00000)
  from space 10240K, 92% used [0x00000000e6b00000,0x00000000e7435028,0x00000000e7500000)
  to   space 11264K, 0% used [0x00000000e7c00000,0x00000000e7c00000,0x00000000e8700000)
 ParOldGen       total 53760K, used 9493K [0x00000000a0000000, 0x00000000a3480000, 0x00000000e0000000)
  object space 53760K, 17% used [0x00000000a0000000,0x00000000a0945718,0x00000000a3480000)
 Metaspace       used 34553K, capacity 35386K, committed 35456K, reserved 1079296K
  class space    used 4746K, capacity 4964K, committed 4992K, reserved 1048576K
Event: 9.046 GC heap after
Heap after GC invocations=11 (full 1):
 PSYoungGen      total 127488K, used 6100K [0x00000000e0000000, 0x00000000ea300000, 0x0000000100000000)
  eden space 116224K, 0% used [0x00000000e0000000,0x00000000e0000000,0x00000000e7180000)
  from space 11264K, 54% used [0x00000000e7c00000,0x00000000e81f5240,0x00000000e8700000)
  to   space 10752K, 0% used [0x00000000e7180000,0x00000000e7180000,0x00000000e7c00000)
 ParOldGen       total 53760K, used 12873K [0x00000000a0000000, 0x00000000a3480000, 0x00000000e0000000)
  object space 53760K, 23% used [0x00000000a0000000,0x00000000a0c92748,0x00000000a3480000)
 Metaspace       used 34553K, capacity 35386K, committed 35456K, reserved 1079296K
  class space    used 4746K, capacity 4964K, committed 4992K, reserved 1048576K
}
Event: 9.046 GC heap before
{Heap before GC invocations=12 (full 2):
 PSYoungGen      total 127488K, used 6100K [0x00000000e0000000, 0x00000000ea300000, 0x0000000100000000)
  eden space 116224K, 0% used [0x00000000e0000000,0x00000000e0000000,0x00000000e7180000)
  from space 11264K, 54% used [0x00000000e7c00000,0x00000000e81f5240,0x00000000e8700000)
  to   space 10752K, 0% used [0x00000000e7180000,0x00000000e7180000,0x00000000e7c00000)
 ParOldGen       total 53760K, used 12873K [0x00000000a0000000, 0x00000000a3480000, 0x00000000e0000000)
  object space 53760K, 23% used [0x00000000a0000000,0x00000000a0c92748,0x00000000a3480000)
 Metaspace       used 34553K, capacity 35386K, committed 35456K, reserved 1079296K
  class space    used 4746K, capacity 4964K, committed 4992K, reserved 1048576K
Event: 9.130 GC heap after
Heap after GC invocations=12 (full 2):
 PSYoungGen      total 127488K, used 0K [0x00000000e0000000, 0x00000000ea300000, 0x0000000100000000)
  eden space 116224K, 0% used [0x00000000e0000000,0x00000000e0000000,0x00000000e7180000)
  from space 11264K, 0% used [0x00000000e7c00000,0x00000000e7c00000,0x00000000e8700000)
  to   space 10752K, 0% used [0x00000000e7180000,0x00000000e7180000,0x00000000e7c00000)
 ParOldGen       total 53760K, used 16334K [0x00000000a0000000, 0x00000000a3480000, 0x00000000e0000000)
  object space 53760K, 30% used [0x00000000a0000000,0x00000000a0ff38b0,0x00000000a3480000)
 Metaspace       used 34540K, capacity 35344K, committed 35456K, reserved 1079296K
  class space    used 4742K, capacity 4957K, committed 4992K, reserved 1048576K
}

